<?xml version="1.0" encoding="UTF-8"?>
<!-- Generated by org.testng.reporters.JUnitReportReporter -->
<testsuite skipped="0" hostname="DESKTOP-RV9MOQS" name="tugas04.YOPMailTest" tests="1" failures="0" timestamp="2022-06-09T11:08:07 ICT" time="5.000" errors="0">
  <testcase name="yopMail" time="5.000" classname="tugas04.YOPMailTest"/>
  <system-out/>
</testsuite> <!-- tugas04.YOPMailTest -->
