<?xml version="1.0" encoding="UTF-8"?>
<!-- Generated by org.testng.reporters.JUnitReportReporter -->
<testsuite skipped="0" hostname="DESKTOP-RV9MOQS" name="sandbox02.FirstTest" tests="1" failures="0" timestamp="2022-06-08T18:35:36 ICT" time="5.693" errors="0">
  <testcase name="yopMail" time="5.693" classname="sandbox02.FirstTest"/>
  <system-out/>
</testsuite> <!-- sandbox02.FirstTest -->
