<?xml version="1.0" encoding="UTF-8"?>
<!-- Generated by org.testng.reporters.JUnitReportReporter -->
<testsuite skipped="0" hostname="DESKTOP-RV9MOQS" name="tugas03.WebTestTugasPOM" tests="1" failures="0" timestamp="2022-06-23T08:35:13 ICT" time="8.121" errors="0">
  <testcase name="sauceDemoLogin" time="8.121" classname="tugas03.WebTestTugasPOM"/>
  <system-out/>
</testsuite> <!-- tugas03.WebTestTugasPOM -->
