<?xml version="1.0" encoding="UTF-8"?>
<!-- Generated by org.testng.reporters.JUnitReportReporter -->
<testsuite skipped="0" hostname="DESKTOP-RV9MOQS" name="tugas3.WebTestTugasPOM" tests="1" failures="0" timestamp="2022-06-08T18:39:52 ICT" time="8.731" errors="0">
  <testcase name="sauceDemoLogin" time="8.731" classname="tugas3.WebTestTugasPOM"/>
  <system-out/>
</testsuite> <!-- tugas3.WebTestTugasPOM -->
