<?xml version="1.0" encoding="UTF-8"?>
<!-- Generated by org.testng.reporters.JUnitReportReporter -->
<testsuite skipped="0" hostname="DESKTOP-RV9MOQS" name="tugas03.WebTestTugasPOM" tests="1" failures="0" timestamp="2022-06-11T19:55:45 ICT" time="4.944" errors="0">
  <testcase name="sauceDemoLogin" time="4.944" classname="tugas03.WebTestTugasPOM"/>
  <system-out/>
</testsuite> <!-- tugas03.WebTestTugasPOM -->
