<?xml version="1.0" encoding="UTF-8"?>
<!-- Generated by org.testng.reporters.JUnitReportReporter -->
<testsuite skipped="0" hostname="DESKTOP-RV9MOQS" name="tugas05.TugasAPITest2" tests="1" failures="0" timestamp="2022-06-22T21:44:34 ICT" time="3.494" errors="0">
  <testcase name="createUser1" time="3.494" classname="tugas05.TugasAPITest2"/>
  <system-out/>
</testsuite> <!-- tugas05.TugasAPITest2 -->
