<?xml version="1.0" encoding="UTF-8"?>
<!-- Generated by org.testng.reporters.JUnitReportReporter -->
<testsuite skipped="0" hostname="DESKTOP-RV9MOQS" name="sandbox01.HelloWorld" tests="1" failures="0" timestamp="2022-06-06T09:44:33 ICT" time="0.007" errors="0">
  <testcase name="testHelloWorld" time="0.007" classname="sandbox01.HelloWorld"/>
  <system-out/>
</testsuite> <!-- sandbox01.HelloWorld -->
