<?xml version="1.0" encoding="UTF-8"?>
<!-- Generated by org.testng.reporters.JUnitReportReporter -->
<testsuite skipped="0" hostname="DESKTOP-RV9MOQS" name="sandbox01.HelloWorld" tests="1" failures="0" timestamp="06 Jun 2022 03:19:29 GMT" time="0.005" errors="0">
  <testcase name="testHelloWorld" time="0.005" classname="sandbox01.HelloWorld"/>
</testsuite> <!-- sandbox01.HelloWorld -->
